<?xml version="1.0" encoding="UTF-8"?>
<!-- Generated by org.testng.reporters.JUnitReportReporter -->
<testsuite hostname="LQQA004" name="com.blemall.smokeTest.testcases.TestCase_03_ShoppingCart" tests="7" failures="0" timestamp="7 Mar 2016 02:01:29 GMT" time="463.368" errors="1">
  <testcase name="A6_oneGoodToSubmit" time="111.930" classname="com.blemall.smokeTest.testcases.TestCase_03_ShoppingCart"/>
  <testcase name="A4_oneGoodsEditDeleteNum" time="65.263" classname="com.blemall.smokeTest.testcases.TestCase_03_ShoppingCart"/>
  <testcase name="A1_addToCartFromSearch" time="66.683" classname="com.blemall.smokeTest.testcases.TestCase_03_ShoppingCart"/>
  <testcase name="A5_addGoodNumCheckStock" time="36.489" classname="com.blemall.smokeTest.testcases.TestCase_03_ShoppingCart"/>
  <testcase name="A3_oneGoodsEditAddNum" time="50.118" classname="com.blemall.smokeTest.testcases.TestCase_03_ShoppingCart">
    <error type="java.lang.AssertionError" message="null">
      <![CDATA[java.lang.AssertionError: null
	at org.testng.Assert.fail(Assert.java:94)
	at org.testng.Assert.fail(Assert.java:101)
	at com.blemall.smokeTest.testcases.TestCase_03_ShoppingCart.goodsEditAddNum(TestCase_03_ShoppingCart.java:581)
	at com.blemall.smokeTest.testcases.TestCase_03_ShoppingCart.A3_oneGoodsEditAddNum(TestCase_03_ShoppingCart.java:67)
	at sun.reflect.NativeMethodAccessorImpl.invoke0(Native Method)
	at sun.reflect.NativeMethodAccessorImpl.invoke(Unknown Source)
	at sun.reflect.DelegatingMethodAccessorImpl.invoke(Unknown Source)
	at java.lang.reflect.Method.invoke(Unknown Source)
	at org.testng.internal.MethodInvocationHelper.invokeMethod(MethodInvocationHelper.java:84)
	at org.testng.internal.Invoker.invokeMethod(Invoker.java:714)
	at org.testng.internal.Invoker.invokeTestMethod(Invoker.java:901)
	at org.testng.internal.Invoker.invokeTestMethods(Invoker.java:1231)
	at org.testng.internal.TestMethodWorker.invokeTestMethods(TestMethodWorker.java:127)
	at org.testng.internal.TestMethodWorker.run(TestMethodWorker.java:111)
	at org.testng.TestRunner.privateRun(TestRunner.java:767)
	at org.testng.TestRunner.run(TestRunner.java:617)
	at org.testng.SuiteRunner.runTest(SuiteRunner.java:334)
	at org.testng.SuiteRunner.runSequentially(SuiteRunner.java:329)
	at org.testng.SuiteRunner.privateRun(SuiteRunner.java:291)
	at org.testng.SuiteRunner.run(SuiteRunner.java:240)
	at org.testng.SuiteRunnerWorker.runSuite(SuiteRunnerWorker.java:52)
	at org.testng.SuiteRunnerWorker.run(SuiteRunnerWorker.java:86)
	at org.testng.TestNG.runSuitesSequentially(TestNG.java:1224)
	at org.testng.TestNG.runSuitesLocally(TestNG.java:1149)
	at org.testng.TestNG.run(TestNG.java:1057)
	at org.testng.remote.RemoteTestNG.run(RemoteTestNG.java:115)
	at org.testng.remote.RemoteTestNG.initAndRun(RemoteTestNG.java:207)
	at org.testng.remote.RemoteTestNG.main(RemoteTestNG.java:178)
]]>
    </error>
  </testcase> <!-- A3_oneGoodsEditAddNum -->
  <testcase name="A7_oneGoodsEditDelete" time="80.099" classname="com.blemall.smokeTest.testcases.TestCase_03_ShoppingCart"/>
  <testcase name="A2_addToShopCart" time="52.786" classname="com.blemall.smokeTest.testcases.TestCase_03_ShoppingCart"/>
</testsuite> <!-- com.blemall.smokeTest.testcases.TestCase_03_ShoppingCart -->
